<?xml version="1.0" encoding="UTF-8" ?>
<testsuite errors="0" tests="5" time="0,078" failures="0" name="com.javaworld.hotels.model.HotelModelTest">
  <properties>
    <property value="Java(TM) 2 Runtime Environment, Standard Edition" name="java.runtime.name"/>
    <property value="C:\Program Files\insee\socle-java-2\jdk15\jdk-1.5.0_05\jre\bin" name="sun.boot.library.path"/>
    <property value="1.5.0_05-b05" name="java.vm.version"/>
    <property value="Sun Microsystems Inc." name="java.vm.vendor"/>
    <property value="http://java.sun.com/" name="java.vendor.url"/>
    <property value=";" name="path.separator"/>
    <property value="Java HotSpot(TM) Client VM" name="java.vm.name"/>
    <property value="sun.io" name="file.encoding.pkg"/>
    <property value="FR" name="user.country"/>
    <property value="Service Pack 6" name="sun.os.patch.level"/>
    <property value="Java Virtual Machine Specification" name="java.vm.specification.name"/>
    <property value="F:\Projets\application\HotelDatabase" name="user.dir"/>
    <property value="1.5.0_05-b05" name="java.runtime.version"/>
    <property value="sun.awt.Win32GraphicsEnvironment" name="java.awt.graphicsenv"/>
    <property value="F:\Projets\application\HotelDatabase" name="basedir"/>
    <property value="C:\Program Files\insee\socle-java-2\jdk15\jdk-1.5.0_05\jre\lib\endorsed" name="java.endorsed.dirs"/>
    <property value="x86" name="os.arch"/>
    <property value="C:\TEMP\" name="java.io.tmpdir"/>
    <property value="
" name="line.separator"/>
    <property value="Sun Microsystems Inc." name="java.vm.specification.vendor"/>
    <property value="" name="user.variant"/>
    <property value="Windows NT" name="os.name"/>
    <property value="c:\Program Files\maven-2.0.2\bin\m2.conf" name="classworlds.conf"/>
    <property value="Cp1252" name="sun.jnu.encoding"/>
    <property value="C:\Program Files\insee\socle-java-2\jdk15\jdk-1.5.0_05\jre\bin;.;C:\WINNT\System32;C:\WINNT;C:\oracle\ora92\bin;C:\WINNT\system32;C:\WINNT;C:\Program Files\Fichiers communs\GTK\2.0C:\WINNT\System32\WBEM;C:\MSSQL7\BINN;C:\Program Files\INSEE\atelier-dev\applications\tcl-tk\bin;C:\Program Files\INSEE\atelier-dev\applications\bin;C:\Program Files\insee\socle-java-2\jdk15\jdk-1.5.0_05\jre\bin;c:\Program Files\apache-ant-1.6.3\bin;E:\Java\maven-1.0.2\bin;c:\Program Files\maven-2.0.2\bin;C:\Perl\bin" name="java.library.path"/>
    <property value="8080" name="http.proxyPort"/>
    <property value="Java Platform API Specification" name="java.specification.name"/>
    <property value="49.0" name="java.class.version"/>
    <property value="HotSpot Client Compiler" name="sun.management.compiler"/>
    <property value="4.0" name="os.version"/>
    <property value="127.0.0.1" name="http.nonProxyHosts"/>
    <property value="C:\WINNT\Profiles\EEWU49" name="user.home"/>
    <property value="Europe/Paris" name="user.timezone"/>
    <property value="sun.awt.windows.WPrinterJob" name="java.awt.printerjob"/>
    <property value="1.5" name="java.specification.version"/>
    <property value="Cp1252" name="file.encoding"/>
    <property value="EEWU49" name="user.name"/>
    <property value="c:\Program Files\maven-2.0.2\core\boot\classworlds-1.1.jar" name="java.class.path"/>
    <property value="1.0" name="java.vm.specification.version"/>
    <property value="32" name="sun.arch.data.model"/>
    <property value="C:\Program Files\insee\socle-java-2\jdk15\jdk-1.5.0_05\jre" name="java.home"/>
    <property value="Sun Microsystems Inc." name="java.specification.vendor"/>
    <property value="fr" name="user.language"/>
    <property value="sun.awt.windows.WToolkit" name="awt.toolkit"/>
    <property value="mixed mode" name="java.vm.info"/>
    <property value="1.5.0_05" name="java.version"/>
    <property value="C:\Program Files\insee\socle-java-2\jdk15\jdk-1.5.0_05\jre\lib\ext" name="java.ext.dirs"/>
    <property value="C:\Program Files\insee\socle-java-2\jdk15\jdk-1.5.0_05\jre\lib\rt.jar;C:\Program Files\insee\socle-java-2\jdk15\jdk-1.5.0_05\jre\lib\i18n.jar;C:\Program Files\insee\socle-java-2\jdk15\jdk-1.5.0_05\jre\lib\sunrsasign.jar;C:\Program Files\insee\socle-java-2\jdk15\jdk-1.5.0_05\jre\lib\jsse.jar;C:\Program Files\insee\socle-java-2\jdk15\jdk-1.5.0_05\jre\lib\jce.jar;C:\Program Files\insee\socle-java-2\jdk15\jdk-1.5.0_05\jre\lib\charsets.jar;C:\Program Files\insee\socle-java-2\jdk15\jdk-1.5.0_05\jre\classes" name="sun.boot.class.path"/>
    <property value="10.1.0.8" name="http.proxyHost"/>
    <property value="Sun Microsystems Inc." name="java.vendor"/>
    <property value="c:\Program Files\maven-2.0.2" name="maven.home"/>
    <property value="C:\WINNT\Profiles\EEWU49\.m2\repository" name="localRepository"/>
    <property value="\" name="file.separator"/>
    <property value="http://java.sun.com/cgi-bin/bugreport.cgi" name="java.vendor.url.bug"/>
    <property value="little" name="sun.cpu.endian"/>
    <property value="UnicodeLittle" name="sun.io.unicode.encoding"/>
    <property value="windows" name="sun.desktop"/>
    <property value="" name="sun.cpu.isalist"/>
  </properties>
  <testcase time="0,016" name="testTrouveHotelsParVille1"/>
  <testcase time="0" name="testTrouveHotelsParVille2"/>
  <testcase time="0" name="testTrouveHotelsParVilleVide"/>
  <testcase time="0" name="testTrouveHotelsParVilleNull"/>
  <testcase time="0" name="testTrouveVillesDiponibles"/>
</testsuite>